0.0932760939077174
0.0914615538015479
0.0733021269658219
0.0500413000284205
0.0210105266047615
0.02096822477876
0.0149126627584465
0.0136062018970023
0.0265235088862254
0.0628555637239754
0.0933804520453596
0.0315754152722769
0.0106397650124862
0.0108275238387859
0.0113209945147081
0.0118692653591377
0.0170699184230195
0.0274033304790318
0.095096006524361
0.0201669134937699
0.0105600793734162
0.0105547250674153
0.0113197420202866
0.012596787700481
0.0160510340306995
0.0210511255513891
0.0848072624768041
0.0195867359758405
0.011179808692685
0.00992921488470391
0.01161775559524
0.012381557929919
0.0157680700878284
0.0169526750009942
0.0571556338565227
0.0261989883953879
0.011832878624424
0.00997239457601871
0.0112732794266063
0.0118458426350216
0.0147804544741738
0.016297630604202
0.0389160828808329
0.0231403924118692
0.0122316639478596
0.0104691198400053
0.0116887986324121
0.0121173283869686
0.0144818435289147
0.0168241228631735
0.0446002970400675
0.021481352798277
0.0131384889647544
0.011337938743456
0.0127713098880293
0.0125933782440552
0.0157522468630274
0.0182035735329719
0.0401564550887034
0.0192646237839231
0.0136016141852454
0.0119525628232777
0.0138351510664918
0.0138104791044542
0.0178809008281508
0.0201530203725477
0.0614810029734651
0.0172339544605359
0.0142560882259712
0.0124022683126114
0.014465303337273
0.0163031162581471
0.0228843830354526
0.0207465748450887
0.0823142874423752
0.0190438092541391
0.0148059658246217
0.0131325990795592
0.0163935524113132
0.0219912413082137
0.0246976914222063
0.0232135630509972
0.0792620902339493
0.0944938528189092
0.0193592538850077
0.0167605724975812
0.0139665797789242
0.0165571136495147
0.0275615084076876
0.0269128019875764
0.0211717699548114
0.0479284185957636
0.0962727055183366
0.0181625776664995
0.0164992605012987
0.0143005726923079
0.0192417109334804
0.0472312222712719
0.0331707258948564
0.0269476976610913
0.0236178904558914
0.0702490707570956
0.0193273809958977
0.0173390939676566
0.0148213619453523
0.0256590977381619
0.0691200815421538
0.0405345275051225
0.029783180524085
0.0201136589170894
0.0787164837121053
0.0193501424679052
0.0176445844434421
0.0151814798566563
0.0397329839257799
0.0864510895287914
0.0563675407422656
0.0332206822942823
0.0278253329765568
0.020530649058571
0.0196798193790179
0.0168604479826753
0.0667124424951911
0.0895665384768999
0.0690461034230224
0.0516202007731314
0.0841213509621303
0.0915985096394248
0.0205640977214019
0.0240035515011839
0.0223169907567259
0.0861491200570127
0.0940575065736677
0.0778292782470691
0.0789596769325455
0.0971816590121779
0.0945103690714804
0.0213389572101854
0.0262816600470002
0.0504308072411885
0.0947930714703851
0.0993456242884232
0.0936746003997148
0.092508102323803
0.0964507497302003
0.0208182815852583
0.028508144141461
0.0778784016767447
0.0915379844863244
0.0936089753863572
0.0922428550899448
0.0993534554317316
0.0206391927822219
0.0321857335704891
0.0801952335051982
0.0958789950833295
0.0981786806997281
0.0907320141439701
0.0206955637589508
0.0328143532630531
0.0784288865550792
0.0901806279647939
0.0895123576799611
0.0206969978635695
0.0315558119962556
0.0784431549312722
0.0930364302037102
0.0850688625064723
0.0208342741526754
0.0348469620707552
0.085187422769739
0.093390169979798
0.0784312607063353
0.0206213418689375
0.0387279916470621
0.0899421282773234
0.0924505580821239
0.0653634089839976
0.0203082547778548
0.0441287964566641
0.0956878178635171
0.0450222107153832
0.0214519653522537
0.060058981915124
0.0953490715810124
0.032384014771491
0.0230521729776548
0.0729361031744248
0.0287482849359433
0.0236732946720385
0.0902914073546112
0.0268091241849596
0.0274030562240307
0.0461594544780696
0.0786660396755395
0.0842291793835967
0.093957897172579
