2.08536620033736e-08
2.18806134333095e-08
3.61455152403752e-09
2.71876850766334e-08
4.94067715487969e-06
8.35836487103697e-06
5.89412759904663e-06
1.76348948973808e-06
2.97370568214513e-07
9.81302255173516e-09
3.98943565153136e-08
5.34401280948735e-06
1.34270867228965e-05
8.11781884680561e-06
7.26628103554414e-06
3.60939101292772e-06
1.32304631763827e-06
1.30173998831329e-07
3.46857205993146e-06
7.1069655820928e-06
8.28870891107062e-06
6.60833967053828e-06
9.72842286081754e-07
2.91672155331929e-06
1.75276614861073e-08
1.51504613642612e-07
7.3835501925517e-06
4.05559364151214e-06
3.37997230218169e-06
4.00517315023679e-06
1.57035821524193e-06
1.94097329029737e-05
9.35186004487031e-07
2.15411277012688e-07
8.8670738969567e-06
2.65091574776798e-06
2.561845414695e-06
4.22389185179184e-06
1.91027627612803e-06
2.26720539199808e-05
1.83276003281229e-05
3.06099685210006e-07
5.72483770410379e-06
1.25892311191957e-06
1.68776853488185e-06
3.16773732778071e-06
1.77078197641689e-06
1.4797508034368e-05
3.96815675238096e-05
4.12276369641873e-07
3.36290058266741e-06
9.23601863459707e-07
9.10017863383652e-07
2.05655431138331e-06
1.18959081300166e-06
1.01465422379602e-05
2.10994782106568e-05
5.76531383789155e-07
2.66259765822659e-06
4.68372324614799e-07
5.88960673815282e-07
1.57694342966417e-06
1.41106848868286e-06
7.31785952732684e-06
5.64389115752382e-06
7.10666086046406e-07
2.20072257032078e-06
1.97379596816224e-07
1.9886599029228e-07
7.52552887176924e-07
1.7144254395845e-06
5.20046980057903e-06
2.37801696385664e-05
5.11652007038406e-07
1.21765591186324e-06
1.13400530365231e-07
6.27024839975431e-08
4.98368300017293e-07
2.40452119978293e-06
0.000133540186472244
0.00100754113867908
1.20478951679378e-05
3.97855625715633e-07
6.15369097429587e-07
4.86326724856133e-08
4.78216756714627e-08
6.32137241832953e-07
3.09613425866427e-06
0.000276865806970798
0.00875771875733348
0.000225442175330081
4.28329585757726e-07
4.16040688296964e-07
2.81396494552193e-08
4.14033658324544e-08
5.62904605171396e-07
3.06628449218968e-06
0.000783383192831055
0.114677964255475
0.00250688682458769
2.60390943600533e-07
2.15396739338191e-07
1.25430784767647e-08
2.12275865216651e-08
2.64066087769201e-07
1.49052165045191e-06
0.00833484203051864
0.432734826540208
0.00178692757999484
9.8007643732833e-08
7.21480952236112e-08
5.39178804535473e-09
1.79754284329062e-08
1.44429871254259e-07
1.74126409422597e-07
0.00638769686690632
0.0338204172505734
8.92916652969286e-08
5.26695838641088e-08
4.1777492483929e-09
9.92244881744162e-09
3.5126422590937e-08
4.7046101104956e-07
0.00039118319827207
0.000321859787462172
8.51486814693137e-08
4.44069345836734e-08
5.62077672582625e-09
5.30110435014411e-09
3.46536571121228e-07
1.57024469216036e-06
2.00543763922352e-06
1.13322024780887e-11
1.74582999044833e-11
7.99414569282369e-08
3.9416552543134e-08
4.84176947248307e-09
2.04423285801528e-09
1.52917557514124e-08
9.07066865788843e-07
1.20071398335304e-09
6.9552203146757e-11
7.31779412093502e-08
3.15437217252695e-08
2.9922264662742e-09
1.00078944621487e-09
8.17079118231996e-09
5.11692410108311e-09
6.38517164803757e-12
7.94214128335126e-11
7.04124845120555e-08
2.44949106985175e-08
2.34047176136005e-09
5.74040442705648e-10
3.78231879488231e-09
5.16537234420072e-10
2.74286910769032e-10
6.18162643549221e-08
2.20450931289994e-08
2.44077133885564e-09
3.66456020702929e-10
2.64148885831534e-10
3.80800965259535e-10
5.47204906989605e-08
1.75479035580508e-08
2.00164810315011e-09
3.81092087321207e-10
2.6316037655349e-11
8.07979542376601e-10
5.59842901064709e-08
1.62094071781891e-08
1.450373087201e-09
4.63034215064577e-11
9.54784692550707e-10
4.9398165760722e-08
1.06881183889272e-08
9.3679322798387e-10
8.37899862124051e-12
1.71653135394969e-09
4.50655908240592e-08
6.88604142053564e-09
3.31169178858404e-10
3.18528138826558e-09
4.28397749126702e-08
3.77335099774737e-09
5.54022518145305e-11
6.20402815200502e-09
3.46686062832681e-08
1.27402461660351e-09
1.10317106254518e-08
2.70377143177656e-08
2.51728344490015e-10
1.01795109689353e-08
1.13211959321223e-08
1.09496830997124e-11
4.20537920612398e-09
9.50066243042878e-10
7.15500204143011e-10
5.28783088738693e-12
