1
1
1
1
12800
12800
12800
5700
12800
1
1
12800
12800
12800
12800
12800
1
1
6700
12800
12800
6300
12800
1
1
1
12800
12800
6500
7100
12800
10500
1
1
12800
6100
6400
12800
12800
12800
12800
1
12800
1
5500
6400
12800
12800
12800
1
12800
1
6000
7300
12800
12800
12800
1
12800
1
6800
12800
12800
12800
12800
1
12800
1
12800
12800
12800
12800
12800
1
12800
1
12800
12800
12800
12800
6800
1
12800
7600
1
1
12800
12800
12800
12800
1300
12800
5200
1
1
12800
12800
6300
12800
6000
12800
1
1
1
12800
12800
12800
12800
6500
12800
1
1
1
12800
12800
12800
12800
12800
1
1
1
12800
12800
6000
12800
12800
1
1
1
12800
11600
7000
1
1
12800
1
1
1
12800
1300
2600
1
12800
1
1
1
12800
12800
1
1
12800
1
1
1
12800
1
1
12800
1
1
1
1
1
12800
1
1
1
1
1
12800
1
1
1
1
12800
1
1
1
1
12800
1
1
1
12800
1
1
1
12800
1
1
12800
1
1
1
1
1
1
1
1
